# JRE version: Java(TM) SE Runtime Environment (8.0_102-b14) (build 1.8.0_102-b14)
# Java VM: Java HotSpot(TM) 64-Bit Server VM (25.102-b14 mixed mode windows-amd64 compressed oops)
Heap:
 PSYoungGen      total 263168K, used 199526K [0x00000000d6600000, 0x00000000ed300000, 0x0000000100000000)
  eden space 246272K, 74% used [0x00000000d6600000,0x00000000e185e9c8,0x00000000e5680000)
  from space 16896K, 99% used [0x00000000e5680000,0x00000000e66faf40,0x00000000e6700000)
  to   space 25088K, 0% used [0x00000000eba80000,0x00000000eba80000,0x00000000ed300000)
 ParOldGen       total 80384K, used 40206K [0x0000000083200000, 0x0000000088080000, 0x00000000d6600000)
  object space 80384K, 50% used [0x0000000083200000,0x0000000085943928,0x0000000088080000)
 Metaspace       used 54893K, capacity 56462K, committed 56832K, reserved 1097728K
  class space    used 7364K, capacity 7814K, committed 7936K, reserved 1048576K
GC Heap History (10 events):
Event: 10.959 GC heap before
{Heap before GC invocations=9 (full 1):
 PSYoungGen      total 138240K, used 52047K [0x00000000d6600000, 0x00000000e3180000, 0x0000000100000000)
  eden space 128000K, 32% used [0x00000000d6600000,0x00000000d8ed9668,0x00000000de300000)
  from space 10240K, 99% used [0x00000000de300000,0x00000000decfa6c8,0x00000000ded00000)
  to   space 12288K, 0% used [0x00000000e2580000,0x00000000e2580000,0x00000000e3180000)
 ParOldGen       total 55296K, used 9611K [0x0000000083200000, 0x0000000086800000, 0x00000000d6600000)
  object space 55296K, 17% used [0x0000000083200000,0x0000000083b62c98,0x0000000086800000)
 Metaspace       used 34615K, capacity 35222K, committed 35456K, reserved 1079296K
  class space    used 4727K, capacity 4926K, committed 4992K, reserved 1048576K
Event: 10.989 GC heap after
Heap after GC invocations=9 (full 1):
 PSYoungGen      total 194560K, used 12223K [0x00000000d6600000, 0x00000000e5000000, 0x0000000100000000)
  eden space 182272K, 0% used [0x00000000d6600000,0x00000000d6600000,0x00000000e1800000)
  from space 12288K, 99% used [0x00000000e2580000,0x00000000e316fc00,0x00000000e3180000)
  to   space 13824K, 0% used [0x00000000e1800000,0x00000000e1800000,0x00000000e2580000)
 ParOldGen       total 55296K, used 9619K [0x0000000083200000, 0x0000000086800000, 0x00000000d6600000)
  object space 55296K, 17% used [0x0000000083200000,0x0000000083b64c98,0x0000000086800000)
 Metaspace       used 34615K, capacity 35222K, committed 35456K, reserved 1079296K
  class space    used 4727K, capacity 4926K, committed 4992K, reserved 1048576K
}
Event: 10.989 GC heap before
{Heap before GC invocations=10 (full 2):
 PSYoungGen      total 194560K, used 12223K [0x00000000d6600000, 0x00000000e5000000, 0x0000000100000000)
  eden space 182272K, 0% used [0x00000000d6600000,0x00000000d6600000,0x00000000e1800000)
  from space 12288K, 99% used [0x00000000e2580000,0x00000000e316fc00,0x00000000e3180000)
  to   space 13824K, 0% used [0x00000000e1800000,0x00000000e1800000,0x00000000e2580000)
 ParOldGen       total 55296K, used 9619K [0x0000000083200000, 0x0000000086800000, 0x00000000d6600000)
  object space 55296K, 17% used [0x0000000083200000,0x0000000083b64c98,0x0000000086800000)
 Metaspace       used 34615K, capacity 35222K, committed 35456K, reserved 1079296K
  class space    used 4727K, capacity 4926K, committed 4992K, reserved 1048576K
Event: 11.113 GC heap after
Heap after GC invocations=10 (full 2):
 PSYoungGen      total 194560K, used 0K [0x00000000d6600000, 0x00000000e5000000, 0x0000000100000000)
  eden space 182272K, 0% used [0x00000000d6600000,0x00000000d6600000,0x00000000e1800000)
  from space 12288K, 0% used [0x00000000e2580000,0x00000000e2580000,0x00000000e3180000)
  to   space 13824K, 0% used [0x00000000e1800000,0x00000000e1800000,0x00000000e2580000)
 ParOldGen       total 80384K, used 19782K [0x0000000083200000, 0x0000000088080000, 0x00000000d6600000)
  object space 80384K, 24% used [0x0000000083200000,0x0000000084551ad8,0x0000000088080000)
 Metaspace       used 34615K, capacity 35222K, committed 35456K, reserved 1079296K
  class space    used 4727K, capacity 4926K, committed 4992K, reserved 1048576K
}
Event: 13.888 GC heap before
{Heap before GC invocations=11 (full 2):
 PSYoungGen      total 194560K, used 182272K [0x00000000d6600000, 0x00000000e5000000, 0x0000000100000000)
  eden space 182272K, 100% used [0x00000000d6600000,0x00000000e1800000,0x00000000e1800000)
  from space 12288K, 0% used [0x00000000e2580000,0x00000000e2580000,0x00000000e3180000)
  to   space 13824K, 0% used [0x00000000e1800000,0x00000000e1800000,0x00000000e2580000)
 ParOldGen       total 80384K, used 19782K [0x0000000083200000, 0x0000000088080000, 0x00000000d6600000)
  object space 80384K, 24% used [0x0000000083200000,0x0000000084551ad8,0x0000000088080000)
 Metaspace       used 40934K, capacity 41568K, committed 41984K, reserved 1085440K
  class space    used 5539K, capacity 5767K, committed 5888K, reserved 1048576K
Event: 13.900 GC heap after
Heap after GC invocations=11 (full 2):
 PSYoungGen      total 196096K, used 9135K [0x00000000d6600000, 0x00000000e7500000, 0x0000000100000000)
  eden space 182272K, 0% used [0x00000000d6600000,0x00000000d6600000,0x00000000e1800000)
  from space 13824K, 66% used [0x00000000e1800000,0x00000000e20ebe38,0x00000000e2580000)
  to   space 13824K, 0% used [0x00000000e6780000,0x00000000e6780000,0x00000000e7500000)
 ParOldGen       total 80384K, used 19854K [0x0000000083200000, 0x0000000088080000, 0x00000000d6600000)
  object space 80384K, 24% used [0x0000000083200000,0x0000000084563ae8,0x0000000088080000)
 Metaspace       used 40934K, capacity 41568K, committed 41984K, reserved 1085440K
  class space    used 5539K, capacity 5767K, committed 5888K, reserved 1048576K
}
Event: 17.307 GC heap before
{Heap before GC invocations=12 (full 2):
 PSYoungGen      total 196096K, used 191407K [0x00000000d6600000, 0x00000000e7500000, 0x0000000100000000)
  eden space 182272K, 100% used [0x00000000d6600000,0x00000000e1800000,0x00000000e1800000)
  from space 13824K, 66% used [0x00000000e1800000,0x00000000e20ebe38,0x00000000e2580000)
  to   space 13824K, 0% used [0x00000000e6780000,0x00000000e6780000,0x00000000e7500000)
 ParOldGen       total 80384K, used 19854K [0x0000000083200000, 0x0000000088080000, 0x00000000d6600000)
  object space 80384K, 24% used [0x0000000083200000,0x0000000084563ae8,0x0000000088080000)
 Metaspace       used 48420K, capacity 49766K, committed 50048K, reserved 1091584K
  class space    used 6602K, capacity 6918K, committed 7040K, reserved 1048576K
Event: 17.356 GC heap after
Heap after GC invocations=12 (full 2):
 PSYoungGen      total 260096K, used 13818K [0x00000000d6600000, 0x00000000e7780000, 0x0000000100000000)
  eden space 246272K, 0% used [0x00000000d6600000,0x00000000d6600000,0x00000000e5680000)
  from space 13824K, 99% used [0x00000000e6780000,0x00000000e74fe868,0x00000000e7500000)
  to   space 16896K, 0% used [0x00000000e5680000,0x00000000e5680000,0x00000000e6700000)
 ParOldGen       total 80384K, used 23795K [0x0000000083200000, 0x0000000088080000, 0x00000000d6600000)
  object space 80384K, 29% used [0x0000000083200000,0x000000008493ce40,0x0000000088080000)
 Metaspace       used 48420K, capacity 49766K, committed 50048K, reserved 1091584K
  class space    used 6602K, capacity 6918K, committed 7040K, reserved 1048576K
}
Event: 33.089 GC heap before
{Heap before GC invocations=13 (full 2):
 PSYoungGen      total 260096K, used 260090K [0x00000000d6600000, 0x00000000e7780000, 0x0000000100000000)
  eden space 246272K, 100% used [0x00000000d6600000,0x00000000e5680000,0x00000000e5680000)
  from space 13824K, 99% used [0x00000000e6780000,0x00000000e74fe868,0x00000000e7500000)
  to   space 16896K, 0% used [0x00000000e5680000,0x00000000e5680000,0x00000000e6700000)
 ParOldGen       total 80384K, used 23795K [0x0000000083200000, 0x0000000088080000, 0x00000000d6600000)
  object space 80384K, 29% used [0x0000000083200000,0x000000008493ce40,0x0000000088080000)
 Metaspace       used 52848K, capacity 54340K, committed 54400K, reserved 1095680K
  class space    used 7102K, capacity 7501K, committed 7552K, reserved 1048576K
Event: 33.143 GC heap after
Heap after GC invocations=13 (full 2):
 PSYoungGen      total 263168K, used 16875K [0x00000000d6600000, 0x00000000ed300000, 0x0000000100000000)
  eden space 246272K, 0% used [0x00000000d6600000,0x00000000d6600000,0x00000000e5680000)
  from space 16896K, 99% used [0x00000000e5680000,0x00000000e66faf40,0x00000000e6700000)
  to   space 25088K, 0% used [0x00000000eba80000,0x00000000eba80000,0x00000000ed300000)
 ParOldGen       total 80384K, used 40206K [0x0000000083200000, 0x0000000088080000, 0x00000000d6600000)
  object space 80384K, 50% used [0x0000000083200000,0x0000000085943928,0x0000000088080000)
 Metaspace       used 52848K, capacity 54340K, committed 54400K, reserved 1095680K
  class space    used 7102K, capacity 7501K, committed 7552K, reserved 1048576K
}

