# JRE version: Java(TM) SE Runtime Environment (8.0_102-b14) (build 1.8.0_102-b14)
# Java VM: Java HotSpot(TM) 64-Bit Server VM (25.102-b14 mixed mode windows-amd64 compressed oops)
Heap:
 PSYoungGen      total 115712K, used 113388K [0x00000000d6600000, 0x00000000df700000, 0x0000000100000000)
  eden space 109056K, 98% used [0x00000000d6600000,0x00000000dce796a0,0x00000000dd080000)
  from space 6656K, 96% used [0x00000000df080000,0x00000000df6c1b50,0x00000000df700000)
  to   space 10240K, 0% used [0x00000000de300000,0x00000000de300000,0x00000000ded00000)
 ParOldGen       total 55808K, used 7710K [0x0000000083200000, 0x0000000086880000, 0x00000000d6600000)
  object space 55808K, 13% used [0x0000000083200000,0x0000000083987aa0,0x0000000086880000)
 Metaspace       used 32669K, capacity 33194K, committed 33664K, reserved 1079296K
  class space    used 4475K, capacity 4638K, committed 4736K, reserved 1048576K
GC Heap History (10 events):
Event: 2.075 GC heap before
{Heap before GC invocations=3 (full 0):
 PSYoungGen      total 37888K, used 37856K [0x00000000d6600000, 0x00000000db000000, 0x0000000100000000)
  eden space 32768K, 100% used [0x00000000d6600000,0x00000000d8600000,0x00000000d8600000)
  from space 5120K, 99% used [0x00000000d8b00000,0x00000000d8ff8270,0x00000000d9000000)
  to   space 5120K, 0% used [0x00000000d8600000,0x00000000d8600000,0x00000000d8b00000)
 ParOldGen       total 86016K, used 85K [0x0000000083200000, 0x0000000088600000, 0x00000000d6600000)
  object space 86016K, 0% used [0x0000000083200000,0x0000000083215758,0x0000000088600000)
 Metaspace       used 17265K, capacity 17546K, committed 17920K, reserved 1064960K
  class space    used 2373K, capacity 2476K, committed 2560K, reserved 1048576K
Event: 2.093 GC heap after
Heap after GC invocations=3 (full 0):
 PSYoungGen      total 37888K, used 5088K [0x00000000d6600000, 0x00000000db000000, 0x0000000100000000)
  eden space 32768K, 0% used [0x00000000d6600000,0x00000000d6600000,0x00000000d8600000)
  from space 5120K, 99% used [0x00000000d8600000,0x00000000d8af8020,0x00000000d8b00000)
  to   space 5120K, 0% used [0x00000000dab00000,0x00000000dab00000,0x00000000db000000)
 ParOldGen       total 86016K, used 4233K [0x0000000083200000, 0x0000000088600000, 0x00000000d6600000)
  object space 86016K, 4% used [0x0000000083200000,0x0000000083622448,0x0000000088600000)
 Metaspace       used 17265K, capacity 17546K, committed 17920K, reserved 1064960K
  class space    used 2373K, capacity 2476K, committed 2560K, reserved 1048576K
}
Event: 2.661 GC heap before
{Heap before GC invocations=4 (full 0):
 PSYoungGen      total 37888K, used 37856K [0x00000000d6600000, 0x00000000db000000, 0x0000000100000000)
  eden space 32768K, 100% used [0x00000000d6600000,0x00000000d8600000,0x00000000d8600000)
  from space 5120K, 99% used [0x00000000d8600000,0x00000000d8af8020,0x00000000d8b00000)
  to   space 5120K, 0% used [0x00000000dab00000,0x00000000dab00000,0x00000000db000000)
 ParOldGen       total 86016K, used 4233K [0x0000000083200000, 0x0000000088600000, 0x00000000d6600000)
  object space 86016K, 4% used [0x0000000083200000,0x0000000083622448,0x0000000088600000)
 Metaspace       used 20580K, capacity 20796K, committed 21120K, reserved 1067008K
  class space    used 2825K, capacity 2896K, committed 2944K, reserved 1048576K
Event: 2.683 GC heap after
Heap after GC invocations=4 (full 0):
 PSYoungGen      total 70656K, used 5104K [0x00000000d6600000, 0x00000000db000000, 0x0000000100000000)
  eden space 65536K, 0% used [0x00000000d6600000,0x00000000d6600000,0x00000000da600000)
  from space 5120K, 99% used [0x00000000dab00000,0x00000000daffc020,0x00000000db000000)
  to   space 5120K, 0% used [0x00000000da600000,0x00000000da600000,0x00000000dab00000)
 ParOldGen       total 86016K, used 8198K [0x0000000083200000, 0x0000000088600000, 0x00000000d6600000)
  object space 86016K, 9% used [0x0000000083200000,0x0000000083a01a60,0x0000000088600000)
 Metaspace       used 20580K, capacity 20796K, committed 21120K, reserved 1067008K
  class space    used 2825K, capacity 2896K, committed 2944K, reserved 1048576K
}
Event: 2.740 GC heap before
{Heap before GC invocations=5 (full 0):
 PSYoungGen      total 70656K, used 8997K [0x00000000d6600000, 0x00000000db000000, 0x0000000100000000)
  eden space 65536K, 5% used [0x00000000d6600000,0x00000000d69cd4e8,0x00000000da600000)
  from space 5120K, 99% used [0x00000000dab00000,0x00000000daffc020,0x00000000db000000)
  to   space 5120K, 0% used [0x00000000da600000,0x00000000da600000,0x00000000dab00000)
 ParOldGen       total 86016K, used 8198K [0x0000000083200000, 0x0000000088600000, 0x00000000d6600000)
  object space 86016K, 9% used [0x0000000083200000,0x0000000083a01a60,0x0000000088600000)
 Metaspace       used 20911K, capacity 21102K, committed 21296K, reserved 1067008K
  class space    used 2867K, capacity 2934K, committed 2944K, reserved 1048576K
Event: 2.753 GC heap after
Heap after GC invocations=5 (full 0):
 PSYoungGen      total 70656K, used 5088K [0x00000000d6600000, 0x00000000dfb00000, 0x0000000100000000)
  eden space 65536K, 0% used [0x00000000d6600000,0x00000000d6600000,0x00000000da600000)
  from space 5120K, 99% used [0x00000000da600000,0x00000000daaf8030,0x00000000dab00000)
  to   space 10752K, 0% used [0x00000000df080000,0x00000000df080000,0x00000000dfb00000)
 ParOldGen       total 86016K, used 8686K [0x0000000083200000, 0x0000000088600000, 0x00000000d6600000)
  object space 86016K, 10% used [0x0000000083200000,0x0000000083a7b8a0,0x0000000088600000)
 Metaspace       used 20911K, capacity 21102K, committed 21296K, reserved 1067008K
  class space    used 2867K, capacity 2934K, committed 2944K, reserved 1048576K
}
Event: 2.753 GC heap before
{Heap before GC invocations=6 (full 1):
 PSYoungGen      total 70656K, used 5088K [0x00000000d6600000, 0x00000000dfb00000, 0x0000000100000000)
  eden space 65536K, 0% used [0x00000000d6600000,0x00000000d6600000,0x00000000da600000)
  from space 5120K, 99% used [0x00000000da600000,0x00000000daaf8030,0x00000000dab00000)
  to   space 10752K, 0% used [0x00000000df080000,0x00000000df080000,0x00000000dfb00000)
 ParOldGen       total 86016K, used 8686K [0x0000000083200000, 0x0000000088600000, 0x00000000d6600000)
  object space 86016K, 10% used [0x0000000083200000,0x0000000083a7b8a0,0x0000000088600000)
 Metaspace       used 20911K, capacity 21102K, committed 21296K, reserved 1067008K
  class space    used 2867K, capacity 2934K, committed 2944K, reserved 1048576K
Event: 2.824 GC heap after
Heap after GC invocations=6 (full 1):
 PSYoungGen      total 70656K, used 0K [0x00000000d6600000, 0x00000000dfb00000, 0x0000000100000000)
  eden space 65536K, 0% used [0x00000000d6600000,0x00000000d6600000,0x00000000da600000)
  from space 5120K, 0% used [0x00000000da600000,0x00000000da600000,0x00000000dab00000)
  to   space 10752K, 0% used [0x00000000df080000,0x00000000df080000,0x00000000dfb00000)
 ParOldGen       total 55808K, used 7710K [0x0000000083200000, 0x0000000086880000, 0x00000000d6600000)
  object space 55808K, 13% used [0x0000000083200000,0x0000000083987aa0,0x0000000086880000)
 Metaspace       used 20911K, capacity 21102K, committed 21296K, reserved 1067008K
  class space    used 2867K, capacity 2934K, committed 2944K, reserved 1048576K
}
Event: 3.972 GC heap before
{Heap before GC invocations=7 (full 1):
 PSYoungGen      total 70656K, used 65536K [0x00000000d6600000, 0x00000000dfb00000, 0x0000000100000000)
  eden space 65536K, 100% used [0x00000000d6600000,0x00000000da600000,0x00000000da600000)
  from space 5120K, 0% used [0x00000000da600000,0x00000000da600000,0x00000000dab00000)
  to   space 10752K, 0% used [0x00000000df080000,0x00000000df080000,0x00000000dfb00000)
 ParOldGen       total 55808K, used 7710K [0x0000000083200000, 0x0000000086880000, 0x00000000d6600000)
  object space 55808K, 13% used [0x0000000083200000,0x0000000083987aa0,0x0000000086880000)
 Metaspace       used 26575K, capacity 26988K, committed 27264K, reserved 1073152K
  class space    used 3712K, capacity 3852K, committed 3968K, reserved 1048576K
Event: 3.985 GC heap after
Heap after GC invocations=7 (full 1):
 PSYoungGen      total 115712K, used 6406K [0x00000000d6600000, 0x00000000df700000, 0x0000000100000000)
  eden space 109056K, 0% used [0x00000000d6600000,0x00000000d6600000,0x00000000dd080000)
  from space 6656K, 96% used [0x00000000df080000,0x00000000df6c1b50,0x00000000df700000)
  to   space 10240K, 0% used [0x00000000de300000,0x00000000de300000,0x00000000ded00000)
 ParOldGen       total 55808K, used 7710K [0x0000000083200000, 0x0000000086880000, 0x00000000d6600000)
  object space 55808K, 13% used [0x0000000083200000,0x0000000083987aa0,0x0000000086880000)
 Metaspace       used 26575K, capacity 26988K, committed 27264K, reserved 1073152K
  class space    used 3712K, capacity 3852K, committed 3968K, reserved 1048576K
}

