# JRE version: Java(TM) SE Runtime Environment (8.0_102-b14) (build 1.8.0_102-b14)
# Java VM: Java HotSpot(TM) 64-Bit Server VM (25.102-b14 mixed mode windows-amd64 compressed oops)
Heap:
 PSYoungGen      total 185344K, used 25787K [0x00000000d6600000, 0x00000000e5680000, 0x0000000100000000)
  eden space 171520K, 9% used [0x00000000d6600000,0x00000000d769b470,0x00000000e0d80000)
  from space 13824K, 63% used [0x00000000e0d80000,0x00000000e1613ac0,0x00000000e1b00000)
  to   space 13312K, 0% used [0x00000000e4980000,0x00000000e4980000,0x00000000e5680000)
 ParOldGen       total 88064K, used 19973K [0x0000000083200000, 0x0000000088800000, 0x00000000d6600000)
  object space 88064K, 22% used [0x0000000083200000,0x0000000084581668,0x0000000088800000)
 Metaspace       used 41007K, capacity 41760K, committed 42240K, reserved 1085440K
  class space    used 5543K, capacity 5767K, committed 5888K, reserved 1048576K
GC Heap History (10 events):
Event: 4.121 GC heap before
{Heap before GC invocations=7 (full 1):
 PSYoungGen      total 70656K, used 65536K [0x00000000d6600000, 0x00000000dfb00000, 0x0000000100000000)
  eden space 65536K, 100% used [0x00000000d6600000,0x00000000da600000,0x00000000da600000)
  from space 5120K, 0% used [0x00000000da600000,0x00000000da600000,0x00000000dab00000)
  to   space 10752K, 0% used [0x00000000df080000,0x00000000df080000,0x00000000dfb00000)
 ParOldGen       total 58880K, used 10126K [0x0000000083200000, 0x0000000086b80000, 0x00000000d6600000)
  object space 58880K, 17% used [0x0000000083200000,0x0000000083be3830,0x0000000086b80000)
 Metaspace       used 26611K, capacity 27052K, committed 27520K, reserved 1073152K
  class space    used 3712K, capacity 3852K, committed 3968K, reserved 1048576K
Event: 4.137 GC heap after
Heap after GC invocations=7 (full 1):
 PSYoungGen      total 114688K, used 6448K [0x00000000d6600000, 0x00000000df700000, 0x0000000100000000)
  eden space 108032K, 0% used [0x00000000d6600000,0x00000000d6600000,0x00000000dcf80000)
  from space 6656K, 96% used [0x00000000df080000,0x00000000df6cc1b8,0x00000000df700000)
  to   space 10240K, 0% used [0x00000000de300000,0x00000000de300000,0x00000000ded00000)
 ParOldGen       total 58880K, used 10134K [0x0000000083200000, 0x0000000086b80000, 0x00000000d6600000)
  object space 58880K, 17% used [0x0000000083200000,0x0000000083be5830,0x0000000086b80000)
 Metaspace       used 26611K, capacity 27052K, committed 27520K, reserved 1073152K
  class space    used 3712K, capacity 3852K, committed 3968K, reserved 1048576K
}
Event: 6.561 GC heap before
{Heap before GC invocations=8 (full 1):
 PSYoungGen      total 114688K, used 114480K [0x00000000d6600000, 0x00000000df700000, 0x0000000100000000)
  eden space 108032K, 100% used [0x00000000d6600000,0x00000000dcf80000,0x00000000dcf80000)
  from space 6656K, 96% used [0x00000000df080000,0x00000000df6cc1b8,0x00000000df700000)
  to   space 10240K, 0% used [0x00000000de300000,0x00000000de300000,0x00000000ded00000)
 ParOldGen       total 58880K, used 10134K [0x0000000083200000, 0x0000000086b80000, 0x00000000d6600000)
  object space 58880K, 17% used [0x0000000083200000,0x0000000083be5830,0x0000000086b80000)
 Metaspace       used 32893K, capacity 33404K, committed 33920K, reserved 1079296K
  class space    used 4493K, capacity 4641K, committed 4736K, reserved 1048576K
Event: 6.591 GC heap after
Heap after GC invocations=8 (full 1):
 PSYoungGen      total 138240K, used 10237K [0x00000000d6600000, 0x00000000e2680000, 0x0000000100000000)
  eden space 128000K, 0% used [0x00000000d6600000,0x00000000d6600000,0x00000000de300000)
  from space 10240K, 99% used [0x00000000de300000,0x00000000decff528,0x00000000ded00000)
  to   space 11776K, 0% used [0x00000000e1b00000,0x00000000e1b00000,0x00000000e2680000)
 ParOldGen       total 58880K, used 11127K [0x0000000083200000, 0x0000000086b80000, 0x00000000d6600000)
  object space 58880K, 18% used [0x0000000083200000,0x0000000083cdde10,0x0000000086b80000)
 Metaspace       used 32893K, capacity 33404K, committed 33920K, reserved 1079296K
  class space    used 4493K, capacity 4641K, committed 4736K, reserved 1048576K
}
Event: 7.453 GC heap before
{Heap before GC invocations=9 (full 1):
 PSYoungGen      total 138240K, used 53804K [0x00000000d6600000, 0x00000000e2680000, 0x0000000100000000)
  eden space 128000K, 34% used [0x00000000d6600000,0x00000000d908bb88,0x00000000de300000)
  from space 10240K, 99% used [0x00000000de300000,0x00000000decff528,0x00000000ded00000)
  to   space 11776K, 0% used [0x00000000e1b00000,0x00000000e1b00000,0x00000000e2680000)
 ParOldGen       total 58880K, used 11127K [0x0000000083200000, 0x0000000086b80000, 0x00000000d6600000)
  object space 58880K, 18% used [0x0000000083200000,0x0000000083cdde10,0x0000000086b80000)
 Metaspace       used 34660K, capacity 35222K, committed 35456K, reserved 1079296K
  class space    used 4730K, capacity 4926K, committed 4992K, reserved 1048576K
Event: 7.491 GC heap after
Heap after GC invocations=9 (full 1):
 PSYoungGen      total 183296K, used 11762K [0x00000000d6600000, 0x00000000e4c00000, 0x0000000100000000)
  eden space 171520K, 0% used [0x00000000d6600000,0x00000000d6600000,0x00000000e0d80000)
  from space 11776K, 99% used [0x00000000e1b00000,0x00000000e267caa8,0x00000000e2680000)
  to   space 13824K, 0% used [0x00000000e0d80000,0x00000000e0d80000,0x00000000e1b00000)
 ParOldGen       total 58880K, used 11993K [0x0000000083200000, 0x0000000086b80000, 0x00000000d6600000)
  object space 58880K, 20% used [0x0000000083200000,0x0000000083db6500,0x0000000086b80000)
 Metaspace       used 34660K, capacity 35222K, committed 35456K, reserved 1079296K
  class space    used 4730K, capacity 4926K, committed 4992K, reserved 1048576K
}
Event: 7.491 GC heap before
{Heap before GC invocations=10 (full 2):
 PSYoungGen      total 183296K, used 11762K [0x00000000d6600000, 0x00000000e4c00000, 0x0000000100000000)
  eden space 171520K, 0% used [0x00000000d6600000,0x00000000d6600000,0x00000000e0d80000)
  from space 11776K, 99% used [0x00000000e1b00000,0x00000000e267caa8,0x00000000e2680000)
  to   space 13824K, 0% used [0x00000000e0d80000,0x00000000e0d80000,0x00000000e1b00000)
 ParOldGen       total 58880K, used 11993K [0x0000000083200000, 0x0000000086b80000, 0x00000000d6600000)
  object space 58880K, 20% used [0x0000000083200000,0x0000000083db6500,0x0000000086b80000)
 Metaspace       used 34660K, capacity 35222K, committed 35456K, reserved 1079296K
  class space    used 4730K, capacity 4926K, committed 4992K, reserved 1048576K
Event: 7.686 GC heap after
Heap after GC invocations=10 (full 2):
 PSYoungGen      total 183296K, used 0K [0x00000000d6600000, 0x00000000e4c00000, 0x0000000100000000)
  eden space 171520K, 0% used [0x00000000d6600000,0x00000000d6600000,0x00000000e0d80000)
  from space 11776K, 0% used [0x00000000e1b00000,0x00000000e1b00000,0x00000000e2680000)
  to   space 13824K, 0% used [0x00000000e0d80000,0x00000000e0d80000,0x00000000e1b00000)
 ParOldGen       total 88064K, used 19901K [0x0000000083200000, 0x0000000088800000, 0x00000000d6600000)
  object space 88064K, 22% used [0x0000000083200000,0x000000008456f658,0x0000000088800000)
 Metaspace       used 34660K, capacity 35222K, committed 35456K, reserved 1079296K
  class space    used 4730K, capacity 4926K, committed 4992K, reserved 1048576K
}
Event: 9.622 GC heap before
{Heap before GC invocations=11 (full 2):
 PSYoungGen      total 183296K, used 171520K [0x00000000d6600000, 0x00000000e4c00000, 0x0000000100000000)
  eden space 171520K, 100% used [0x00000000d6600000,0x00000000e0d80000,0x00000000e0d80000)
  from space 11776K, 0% used [0x00000000e1b00000,0x00000000e1b00000,0x00000000e2680000)
  to   space 13824K, 0% used [0x00000000e0d80000,0x00000000e0d80000,0x00000000e1b00000)
 ParOldGen       total 88064K, used 19901K [0x0000000083200000, 0x0000000088800000, 0x00000000d6600000)
  object space 88064K, 22% used [0x0000000083200000,0x000000008456f658,0x0000000088800000)
 Metaspace       used 40994K, capacity 41760K, committed 42240K, reserved 1085440K
  class space    used 5543K, capacity 5767K, committed 5888K, reserved 1048576K
Event: 9.632 GC heap after
Heap after GC invocations=11 (full 2):
 PSYoungGen      total 185344K, used 8782K [0x00000000d6600000, 0x00000000e5680000, 0x0000000100000000)
  eden space 171520K, 0% used [0x00000000d6600000,0x00000000d6600000,0x00000000e0d80000)
  from space 13824K, 63% used [0x00000000e0d80000,0x00000000e1613ac0,0x00000000e1b00000)
  to   space 13312K, 0% used [0x00000000e4980000,0x00000000e4980000,0x00000000e5680000)
 ParOldGen       total 88064K, used 19973K [0x0000000083200000, 0x0000000088800000, 0x00000000d6600000)
  object space 88064K, 22% used [0x0000000083200000,0x0000000084581668,0x0000000088800000)
 Metaspace       used 40994K, capacity 41760K, committed 42240K, reserved 1085440K
  class space    used 5543K, capacity 5767K, committed 5888K, reserved 1048576K
}

