# JRE version: Java(TM) SE Runtime Environment (8.0_102-b14) (build 1.8.0_102-b14)
# Java VM: Java HotSpot(TM) 64-Bit Server VM (25.102-b14 mixed mode windows-amd64 compressed oops)
Heap:
 PSYoungGen      total 248832K, used 198625K [0x00000000d6600000, 0x00000000e6c80000, 0x0000000100000000)
  eden space 235008K, 78% used [0x00000000d6600000,0x00000000e1a7f6d8,0x00000000e4b80000)
  from space 13824K, 99% used [0x00000000e5c00000,0x00000000e6978e08,0x00000000e6980000)
  to   space 16896K, 0% used [0x00000000e4b80000,0x00000000e4b80000,0x00000000e5c00000)
 ParOldGen       total 83968K, used 23762K [0x0000000083200000, 0x0000000088400000, 0x00000000d6600000)
  object space 83968K, 28% used [0x0000000083200000,0x0000000084934850,0x0000000088400000)
 Metaspace       used 51531K, capacity 53052K, committed 53248K, reserved 1095680K
  class space    used 6994K, capacity 7396K, committed 7424K, reserved 1048576K
GC Heap History (10 events):
Event: 6.041 GC heap before
{Heap before GC invocations=8 (full 1):
 PSYoungGen      total 117760K, used 117580K [0x00000000d6600000, 0x00000000df700000, 0x0000000100000000)
  eden space 111104K, 100% used [0x00000000d6600000,0x00000000dd280000,0x00000000dd280000)
  from space 6656K, 97% used [0x00000000df080000,0x00000000df6d3190,0x00000000df700000)
  to   space 10240K, 0% used [0x00000000de300000,0x00000000de300000,0x00000000ded00000)
 ParOldGen       total 57344K, used 10149K [0x0000000083200000, 0x0000000086a00000, 0x00000000d6600000)
  object space 57344K, 17% used [0x0000000083200000,0x0000000083be95c0,0x0000000086a00000)
 Metaspace       used 33989K, capacity 34492K, committed 34816K, reserved 1079296K
  class space    used 4633K, capacity 4769K, committed 4864K, reserved 1048576K
Event: 6.067 GC heap after
Heap after GC invocations=8 (full 1):
 PSYoungGen      total 138240K, used 10233K [0x00000000d6600000, 0x00000000e3100000, 0x0000000100000000)
  eden space 128000K, 0% used [0x00000000d6600000,0x00000000d6600000,0x00000000de300000)
  from space 10240K, 99% used [0x00000000de300000,0x00000000decfe740,0x00000000ded00000)
  to   space 12288K, 0% used [0x00000000e2500000,0x00000000e2500000,0x00000000e3100000)
 ParOldGen       total 57344K, used 12243K [0x0000000083200000, 0x0000000086a00000, 0x00000000d6600000)
  object space 57344K, 21% used [0x0000000083200000,0x0000000083df4e00,0x0000000086a00000)
 Metaspace       used 33989K, capacity 34492K, committed 34816K, reserved 1079296K
  class space    used 4633K, capacity 4769K, committed 4864K, reserved 1048576K
}
Event: 6.474 GC heap before
{Heap before GC invocations=9 (full 1):
 PSYoungGen      total 138240K, used 51056K [0x00000000d6600000, 0x00000000e3100000, 0x0000000100000000)
  eden space 128000K, 31% used [0x00000000d6600000,0x00000000d8ddd990,0x00000000de300000)
  from space 10240K, 99% used [0x00000000de300000,0x00000000decfe740,0x00000000ded00000)
  to   space 12288K, 0% used [0x00000000e2500000,0x00000000e2500000,0x00000000e3100000)
 ParOldGen       total 57344K, used 12243K [0x0000000083200000, 0x0000000086a00000, 0x00000000d6600000)
  object space 57344K, 21% used [0x0000000083200000,0x0000000083df4e00,0x0000000086a00000)
 Metaspace       used 34651K, capacity 35222K, committed 35456K, reserved 1079296K
  class space    used 4738K, capacity 4926K, committed 4992K, reserved 1048576K
Event: 6.504 GC heap after
Heap after GC invocations=9 (full 1):
 PSYoungGen      total 194048K, used 12190K [0x00000000d6600000, 0x00000000e5500000, 0x0000000100000000)
  eden space 181760K, 0% used [0x00000000d6600000,0x00000000d6600000,0x00000000e1780000)
  from space 12288K, 99% used [0x00000000e2500000,0x00000000e30e78c8,0x00000000e3100000)
  to   space 13824K, 0% used [0x00000000e1780000,0x00000000e1780000,0x00000000e2500000)
 ParOldGen       total 57344K, used 12251K [0x0000000083200000, 0x0000000086a00000, 0x00000000d6600000)
  object space 57344K, 21% used [0x0000000083200000,0x0000000083df6e00,0x0000000086a00000)
 Metaspace       used 34651K, capacity 35222K, committed 35456K, reserved 1079296K
  class space    used 4738K, capacity 4926K, committed 4992K, reserved 1048576K
}
Event: 6.504 GC heap before
{Heap before GC invocations=10 (full 2):
 PSYoungGen      total 194048K, used 12190K [0x00000000d6600000, 0x00000000e5500000, 0x0000000100000000)
  eden space 181760K, 0% used [0x00000000d6600000,0x00000000d6600000,0x00000000e1780000)
  from space 12288K, 99% used [0x00000000e2500000,0x00000000e30e78c8,0x00000000e3100000)
  to   space 13824K, 0% used [0x00000000e1780000,0x00000000e1780000,0x00000000e2500000)
 ParOldGen       total 57344K, used 12251K [0x0000000083200000, 0x0000000086a00000, 0x00000000d6600000)
  object space 57344K, 21% used [0x0000000083200000,0x0000000083df6e00,0x0000000086a00000)
 Metaspace       used 34651K, capacity 35222K, committed 35456K, reserved 1079296K
  class space    used 4738K, capacity 4926K, committed 4992K, reserved 1048576K
Event: 6.679 GC heap after
Heap after GC invocations=10 (full 2):
 PSYoungGen      total 194048K, used 0K [0x00000000d6600000, 0x00000000e5500000, 0x0000000100000000)
  eden space 181760K, 0% used [0x00000000d6600000,0x00000000d6600000,0x00000000e1780000)
  from space 12288K, 0% used [0x00000000e2500000,0x00000000e2500000,0x00000000e3100000)
  to   space 13824K, 0% used [0x00000000e1780000,0x00000000e1780000,0x00000000e2500000)
 ParOldGen       total 83968K, used 19474K [0x0000000083200000, 0x0000000088400000, 0x00000000d6600000)
  object space 83968K, 23% used [0x0000000083200000,0x0000000084504a48,0x0000000088400000)
 Metaspace       used 34651K, capacity 35222K, committed 35456K, reserved 1079296K
  class space    used 4738K, capacity 4926K, committed 4992K, reserved 1048576K
}
Event: 8.509 GC heap before
{Heap before GC invocations=11 (full 2):
 PSYoungGen      total 194048K, used 181760K [0x00000000d6600000, 0x00000000e5500000, 0x0000000100000000)
  eden space 181760K, 100% used [0x00000000d6600000,0x00000000e1780000,0x00000000e1780000)
  from space 12288K, 0% used [0x00000000e2500000,0x00000000e2500000,0x00000000e3100000)
  to   space 13824K, 0% used [0x00000000e1780000,0x00000000e1780000,0x00000000e2500000)
 ParOldGen       total 83968K, used 19474K [0x0000000083200000, 0x0000000088400000, 0x00000000d6600000)
  object space 83968K, 23% used [0x0000000083200000,0x0000000084504a48,0x0000000088400000)
 Metaspace       used 40967K, capacity 41632K, committed 41984K, reserved 1085440K
  class space    used 5547K, capacity 5767K, committed 5888K, reserved 1048576K
Event: 8.521 GC heap after
Heap after GC invocations=11 (full 2):
 PSYoungGen      total 195584K, used 9551K [0x00000000d6600000, 0x00000000e6980000, 0x0000000100000000)
  eden space 181760K, 0% used [0x00000000d6600000,0x00000000d6600000,0x00000000e1780000)
  from space 13824K, 69% used [0x00000000e1780000,0x00000000e20d3d98,0x00000000e2500000)
  to   space 13824K, 0% used [0x00000000e5c00000,0x00000000e5c00000,0x00000000e6980000)
 ParOldGen       total 83968K, used 19482K [0x0000000083200000, 0x0000000088400000, 0x00000000d6600000)
  object space 83968K, 23% used [0x0000000083200000,0x0000000084506a48,0x0000000088400000)
 Metaspace       used 40967K, capacity 41632K, committed 41984K, reserved 1085440K
  class space    used 5547K, capacity 5767K, committed 5888K, reserved 1048576K
}
Event: 10.966 GC heap before
{Heap before GC invocations=12 (full 2):
 PSYoungGen      total 195584K, used 191311K [0x00000000d6600000, 0x00000000e6980000, 0x0000000100000000)
  eden space 181760K, 100% used [0x00000000d6600000,0x00000000e1780000,0x00000000e1780000)
  from space 13824K, 69% used [0x00000000e1780000,0x00000000e20d3d98,0x00000000e2500000)
  to   space 13824K, 0% used [0x00000000e5c00000,0x00000000e5c00000,0x00000000e6980000)
 ParOldGen       total 83968K, used 19482K [0x0000000083200000, 0x0000000088400000, 0x00000000d6600000)
  object space 83968K, 23% used [0x0000000083200000,0x0000000084506a48,0x0000000088400000)
 Metaspace       used 48499K, capacity 49800K, committed 50048K, reserved 1091584K
  class space    used 6625K, capacity 6951K, committed 7040K, reserved 1048576K
Event: 11.012 GC heap after
Heap after GC invocations=12 (full 2):
 PSYoungGen      total 248832K, used 13795K [0x00000000d6600000, 0x00000000e6c80000, 0x0000000100000000)
  eden space 235008K, 0% used [0x00000000d6600000,0x00000000d6600000,0x00000000e4b80000)
  from space 13824K, 99% used [0x00000000e5c00000,0x00000000e6978e08,0x00000000e6980000)
  to   space 16896K, 0% used [0x00000000e4b80000,0x00000000e4b80000,0x00000000e5c00000)
 ParOldGen       total 83968K, used 23762K [0x0000000083200000, 0x0000000088400000, 0x00000000d6600000)
  object space 83968K, 28% used [0x0000000083200000,0x0000000084934850,0x0000000088400000)
 Metaspace       used 48499K, capacity 49800K, committed 50048K, reserved 1091584K
  class space    used 6625K, capacity 6951K, committed 7040K, reserved 1048576K
}

