# JRE version: Java(TM) SE Runtime Environment (8.0_102-b14) (build 1.8.0_102-b14)
# Java VM: Java HotSpot(TM) 64-Bit Server VM (25.102-b14 mixed mode windows-amd64 compressed oops)
Heap:
 PSYoungGen      total 114176K, used 102775K [0x00000000d6600000, 0x00000000df700000, 0x0000000100000000)
  eden space 107520K, 89% used [0x00000000d6600000,0x00000000dc41c618,0x00000000dcf00000)
  from space 6656K, 96% used [0x00000000df080000,0x00000000df6c1910,0x00000000df700000)
  to   space 10240K, 0% used [0x00000000de300000,0x00000000de300000,0x00000000ded00000)
 ParOldGen       total 56832K, used 7648K [0x0000000083200000, 0x0000000086980000, 0x00000000d6600000)
  object space 56832K, 13% used [0x0000000083200000,0x0000000083978150,0x0000000086980000)
 Metaspace       used 31610K, capacity 32120K, committed 32512K, reserved 1077248K
  class space    used 4344K, capacity 4539K, committed 4608K, reserved 1048576K
GC Heap History (10 events):
Event: 2.268 GC heap before
{Heap before GC invocations=3 (full 0):
 PSYoungGen      total 37888K, used 37870K [0x00000000d6600000, 0x00000000d9000000, 0x0000000100000000)
  eden space 32768K, 100% used [0x00000000d6600000,0x00000000d8600000,0x00000000d8600000)
  from space 5120K, 99% used [0x00000000d8b00000,0x00000000d8ffbb88,0x00000000d9000000)
  to   space 5120K, 0% used [0x00000000d8600000,0x00000000d8600000,0x00000000d8b00000)
 ParOldGen       total 86016K, used 52K [0x0000000083200000, 0x0000000088600000, 0x00000000d6600000)
  object space 86016K, 0% used [0x0000000083200000,0x000000008320d1b0,0x0000000088600000)
 Metaspace       used 17269K, capacity 17546K, committed 17920K, reserved 1064960K
  class space    used 2373K, capacity 2476K, committed 2560K, reserved 1048576K
Event: 2.281 GC heap after
Heap after GC invocations=3 (full 0):
 PSYoungGen      total 37888K, used 5104K [0x00000000d6600000, 0x00000000db000000, 0x0000000100000000)
  eden space 32768K, 0% used [0x00000000d6600000,0x00000000d6600000,0x00000000d8600000)
  from space 5120K, 99% used [0x00000000d8600000,0x00000000d8afc030,0x00000000d8b00000)
  to   space 5120K, 0% used [0x00000000dab00000,0x00000000dab00000,0x00000000db000000)
 ParOldGen       total 86016K, used 4162K [0x0000000083200000, 0x0000000088600000, 0x00000000d6600000)
  object space 86016K, 4% used [0x0000000083200000,0x0000000083610ac0,0x0000000088600000)
 Metaspace       used 17269K, capacity 17546K, committed 17920K, reserved 1064960K
  class space    used 2373K, capacity 2476K, committed 2560K, reserved 1048576K
}
Event: 2.868 GC heap before
{Heap before GC invocations=4 (full 0):
 PSYoungGen      total 37888K, used 37872K [0x00000000d6600000, 0x00000000db000000, 0x0000000100000000)
  eden space 32768K, 100% used [0x00000000d6600000,0x00000000d8600000,0x00000000d8600000)
  from space 5120K, 99% used [0x00000000d8600000,0x00000000d8afc030,0x00000000d8b00000)
  to   space 5120K, 0% used [0x00000000dab00000,0x00000000dab00000,0x00000000db000000)
 ParOldGen       total 86016K, used 4162K [0x0000000083200000, 0x0000000088600000, 0x00000000d6600000)
  object space 86016K, 4% used [0x0000000083200000,0x0000000083610ac0,0x0000000088600000)
 Metaspace       used 20575K, capacity 20796K, committed 21120K, reserved 1067008K
  class space    used 2825K, capacity 2896K, committed 2944K, reserved 1048576K
Event: 2.884 GC heap after
Heap after GC invocations=4 (full 0):
 PSYoungGen      total 70656K, used 5104K [0x00000000d6600000, 0x00000000db000000, 0x0000000100000000)
  eden space 65536K, 0% used [0x00000000d6600000,0x00000000d6600000,0x00000000da600000)
  from space 5120K, 99% used [0x00000000dab00000,0x00000000daffc020,0x00000000db000000)
  to   space 5120K, 0% used [0x00000000da600000,0x00000000da600000,0x00000000dab00000)
 ParOldGen       total 86016K, used 8135K [0x0000000083200000, 0x0000000088600000, 0x00000000d6600000)
  object space 86016K, 9% used [0x0000000083200000,0x00000000839f1ef0,0x0000000088600000)
 Metaspace       used 20575K, capacity 20796K, committed 21120K, reserved 1067008K
  class space    used 2825K, capacity 2896K, committed 2944K, reserved 1048576K
}
Event: 2.951 GC heap before
{Heap before GC invocations=5 (full 0):
 PSYoungGen      total 70656K, used 9867K [0x00000000d6600000, 0x00000000db000000, 0x0000000100000000)
  eden space 65536K, 7% used [0x00000000d6600000,0x00000000d6aa6c58,0x00000000da600000)
  from space 5120K, 99% used [0x00000000dab00000,0x00000000daffc020,0x00000000db000000)
  to   space 5120K, 0% used [0x00000000da600000,0x00000000da600000,0x00000000dab00000)
 ParOldGen       total 86016K, used 8135K [0x0000000083200000, 0x0000000088600000, 0x00000000d6600000)
  object space 86016K, 9% used [0x0000000083200000,0x00000000839f1ef0,0x0000000088600000)
 Metaspace       used 20907K, capacity 21102K, committed 21296K, reserved 1067008K
  class space    used 2867K, capacity 2934K, committed 2944K, reserved 1048576K
Event: 2.965 GC heap after
Heap after GC invocations=5 (full 0):
 PSYoungGen      total 70656K, used 5104K [0x00000000d6600000, 0x00000000dfb00000, 0x0000000100000000)
  eden space 65536K, 0% used [0x00000000d6600000,0x00000000d6600000,0x00000000da600000)
  from space 5120K, 99% used [0x00000000da600000,0x00000000daafc020,0x00000000dab00000)
  to   space 10752K, 0% used [0x00000000df080000,0x00000000df080000,0x00000000dfb00000)
 ParOldGen       total 86016K, used 8569K [0x0000000083200000, 0x0000000088600000, 0x00000000d6600000)
  object space 86016K, 9% used [0x0000000083200000,0x0000000083a5e480,0x0000000088600000)
 Metaspace       used 20907K, capacity 21102K, committed 21296K, reserved 1067008K
  class space    used 2867K, capacity 2934K, committed 2944K, reserved 1048576K
}
Event: 2.965 GC heap before
{Heap before GC invocations=6 (full 1):
 PSYoungGen      total 70656K, used 5104K [0x00000000d6600000, 0x00000000dfb00000, 0x0000000100000000)
  eden space 65536K, 0% used [0x00000000d6600000,0x00000000d6600000,0x00000000da600000)
  from space 5120K, 99% used [0x00000000da600000,0x00000000daafc020,0x00000000dab00000)
  to   space 10752K, 0% used [0x00000000df080000,0x00000000df080000,0x00000000dfb00000)
 ParOldGen       total 86016K, used 8569K [0x0000000083200000, 0x0000000088600000, 0x00000000d6600000)
  object space 86016K, 9% used [0x0000000083200000,0x0000000083a5e480,0x0000000088600000)
 Metaspace       used 20907K, capacity 21102K, committed 21296K, reserved 1067008K
  class space    used 2867K, capacity 2934K, committed 2944K, reserved 1048576K
Event: 3.038 GC heap after
Heap after GC invocations=6 (full 1):
 PSYoungGen      total 70656K, used 0K [0x00000000d6600000, 0x00000000dfb00000, 0x0000000100000000)
  eden space 65536K, 0% used [0x00000000d6600000,0x00000000d6600000,0x00000000da600000)
  from space 5120K, 0% used [0x00000000da600000,0x00000000da600000,0x00000000dab00000)
  to   space 10752K, 0% used [0x00000000df080000,0x00000000df080000,0x00000000dfb00000)
 ParOldGen       total 56832K, used 7640K [0x0000000083200000, 0x0000000086980000, 0x00000000d6600000)
  object space 56832K, 13% used [0x0000000083200000,0x0000000083976150,0x0000000086980000)
 Metaspace       used 20907K, capacity 21102K, committed 21296K, reserved 1067008K
  class space    used 2867K, capacity 2934K, committed 2944K, reserved 1048576K
}
Event: 4.078 GC heap before
{Heap before GC invocations=7 (full 1):
 PSYoungGen      total 70656K, used 65536K [0x00000000d6600000, 0x00000000dfb00000, 0x0000000100000000)
  eden space 65536K, 100% used [0x00000000d6600000,0x00000000da600000,0x00000000da600000)
  from space 5120K, 0% used [0x00000000da600000,0x00000000da600000,0x00000000dab00000)
  to   space 10752K, 0% used [0x00000000df080000,0x00000000df080000,0x00000000dfb00000)
 ParOldGen       total 56832K, used 7640K [0x0000000083200000, 0x0000000086980000, 0x00000000d6600000)
  object space 56832K, 13% used [0x0000000083200000,0x0000000083976150,0x0000000086980000)
 Metaspace       used 26604K, capacity 27020K, committed 27264K, reserved 1073152K
  class space    used 3715K, capacity 3884K, committed 3968K, reserved 1048576K
Event: 4.091 GC heap after
Heap after GC invocations=7 (full 1):
 PSYoungGen      total 114176K, used 6406K [0x00000000d6600000, 0x00000000df700000, 0x0000000100000000)
  eden space 107520K, 0% used [0x00000000d6600000,0x00000000d6600000,0x00000000dcf00000)
  from space 6656K, 96% used [0x00000000df080000,0x00000000df6c1910,0x00000000df700000)
  to   space 10240K, 0% used [0x00000000de300000,0x00000000de300000,0x00000000ded00000)
 ParOldGen       total 56832K, used 7648K [0x0000000083200000, 0x0000000086980000, 0x00000000d6600000)
  object space 56832K, 13% used [0x0000000083200000,0x0000000083978150,0x0000000086980000)
 Metaspace       used 26604K, capacity 27020K, committed 27264K, reserved 1073152K
  class space    used 3715K, capacity 3884K, committed 3968K, reserved 1048576K
}

