# JRE version: Java(TM) SE Runtime Environment (8.0_102-b14) (build 1.8.0_102-b14)
# Java VM: Java HotSpot(TM) 64-Bit Server VM (25.102-b14 mixed mode windows-amd64 compressed oops)
Heap:
 PSYoungGen      total 187904K, used 89798K [0x00000000d6600000, 0x00000000e5400000, 0x0000000100000000)
  eden space 174080K, 46% used [0x00000000d6600000,0x00000000db506fa0,0x00000000e1000000)
  from space 13824K, 64% used [0x00000000e1000000,0x00000000e18aaaa8,0x00000000e1d80000)
  to   space 13312K, 0% used [0x00000000e4700000,0x00000000e4700000,0x00000000e5400000)
 ParOldGen       total 91136K, used 19752K [0x0000000083200000, 0x0000000088b00000, 0x00000000d6600000)
  object space 91136K, 21% used [0x0000000083200000,0x000000008454a248,0x0000000088b00000)
 Metaspace       used 43191K, capacity 43948K, committed 44288K, reserved 1087488K
  class space    used 5866K, capacity 6085K, committed 6144K, reserved 1048576K
GC Heap History (10 events):
Event: 4.176 GC heap before
{Heap before GC invocations=7 (full 1):
 PSYoungGen      total 70656K, used 65536K [0x00000000d6600000, 0x00000000dfb00000, 0x0000000100000000)
  eden space 65536K, 100% used [0x00000000d6600000,0x00000000da600000,0x00000000da600000)
  from space 5120K, 0% used [0x00000000da600000,0x00000000da600000,0x00000000dab00000)
  to   space 10752K, 0% used [0x00000000df080000,0x00000000df080000,0x00000000dfb00000)
 ParOldGen       total 56320K, used 7842K [0x0000000083200000, 0x0000000086900000, 0x00000000d6600000)
  object space 56320K, 13% used [0x0000000083200000,0x00000000839a8ae0,0x0000000086900000)
 Metaspace       used 26615K, capacity 26988K, committed 27264K, reserved 1073152K
  class space    used 3712K, capacity 3852K, committed 3968K, reserved 1048576K
Event: 4.191 GC heap after
Heap after GC invocations=7 (full 1):
 PSYoungGen      total 115200K, used 6494K [0x00000000d6600000, 0x00000000df700000, 0x0000000100000000)
  eden space 108544K, 0% used [0x00000000d6600000,0x00000000d6600000,0x00000000dd000000)
  from space 6656K, 97% used [0x00000000df080000,0x00000000df6d7b50,0x00000000df700000)
  to   space 10240K, 0% used [0x00000000de300000,0x00000000de300000,0x00000000ded00000)
 ParOldGen       total 56320K, used 7850K [0x0000000083200000, 0x0000000086900000, 0x00000000d6600000)
  object space 56320K, 13% used [0x0000000083200000,0x00000000839aaae0,0x0000000086900000)
 Metaspace       used 26615K, capacity 26988K, committed 27264K, reserved 1073152K
  class space    used 3712K, capacity 3852K, committed 3968K, reserved 1048576K
}
Event: 6.145 GC heap before
{Heap before GC invocations=8 (full 1):
 PSYoungGen      total 115200K, used 115038K [0x00000000d6600000, 0x00000000df700000, 0x0000000100000000)
  eden space 108544K, 100% used [0x00000000d6600000,0x00000000dd000000,0x00000000dd000000)
  from space 6656K, 97% used [0x00000000df080000,0x00000000df6d7b50,0x00000000df700000)
  to   space 10240K, 0% used [0x00000000de300000,0x00000000de300000,0x00000000ded00000)
 ParOldGen       total 56320K, used 7850K [0x0000000083200000, 0x0000000086900000, 0x00000000d6600000)
  object space 56320K, 13% used [0x0000000083200000,0x00000000839aaae0,0x0000000086900000)
 Metaspace       used 33017K, capacity 33564K, committed 33920K, reserved 1079296K
  class space    used 4515K, capacity 4673K, committed 4736K, reserved 1048576K
Event: 6.177 GC heap after
Heap after GC invocations=8 (full 1):
 PSYoungGen      total 138240K, used 10213K [0x00000000d6600000, 0x00000000e2980000, 0x0000000100000000)
  eden space 128000K, 0% used [0x00000000d6600000,0x00000000d6600000,0x00000000de300000)
  from space 10240K, 99% used [0x00000000de300000,0x00000000decf95b8,0x00000000ded00000)
  to   space 12288K, 0% used [0x00000000e1d80000,0x00000000e1d80000,0x00000000e2980000)
 ParOldGen       total 56320K, used 9033K [0x0000000083200000, 0x0000000086900000, 0x00000000d6600000)
  object space 56320K, 16% used [0x0000000083200000,0x0000000083ad2788,0x0000000086900000)
 Metaspace       used 33017K, capacity 33564K, committed 33920K, reserved 1079296K
  class space    used 4515K, capacity 4673K, committed 4736K, reserved 1048576K
}
Event: 6.756 GC heap before
{Heap before GC invocations=9 (full 1):
 PSYoungGen      total 138240K, used 56155K [0x00000000d6600000, 0x00000000e2980000, 0x0000000100000000)
  eden space 128000K, 35% used [0x00000000d6600000,0x00000000d92dd9a8,0x00000000de300000)
  from space 10240K, 99% used [0x00000000de300000,0x00000000decf95b8,0x00000000ded00000)
  to   space 12288K, 0% used [0x00000000e1d80000,0x00000000e1d80000,0x00000000e2980000)
 ParOldGen       total 56320K, used 9033K [0x0000000083200000, 0x0000000086900000, 0x00000000d6600000)
  object space 56320K, 16% used [0x0000000083200000,0x0000000083ad2788,0x0000000086900000)
 Metaspace       used 34639K, capacity 35222K, committed 35456K, reserved 1079296K
  class space    used 4735K, capacity 4926K, committed 4992K, reserved 1048576K
Event: 6.786 GC heap after
Heap after GC invocations=9 (full 1):
 PSYoungGen      total 186368K, used 12279K [0x00000000d6600000, 0x00000000e5000000, 0x0000000100000000)
  eden space 174080K, 0% used [0x00000000d6600000,0x00000000d6600000,0x00000000e1000000)
  from space 12288K, 99% used [0x00000000e1d80000,0x00000000e297dfe8,0x00000000e2980000)
  to   space 13824K, 0% used [0x00000000e1000000,0x00000000e1000000,0x00000000e1d80000)
 ParOldGen       total 56320K, used 9265K [0x0000000083200000, 0x0000000086900000, 0x00000000d6600000)
  object space 56320K, 16% used [0x0000000083200000,0x0000000083b0c480,0x0000000086900000)
 Metaspace       used 34639K, capacity 35222K, committed 35456K, reserved 1079296K
  class space    used 4735K, capacity 4926K, committed 4992K, reserved 1048576K
}
Event: 6.786 GC heap before
{Heap before GC invocations=10 (full 2):
 PSYoungGen      total 186368K, used 12279K [0x00000000d6600000, 0x00000000e5000000, 0x0000000100000000)
  eden space 174080K, 0% used [0x00000000d6600000,0x00000000d6600000,0x00000000e1000000)
  from space 12288K, 99% used [0x00000000e1d80000,0x00000000e297dfe8,0x00000000e2980000)
  to   space 13824K, 0% used [0x00000000e1000000,0x00000000e1000000,0x00000000e1d80000)
 ParOldGen       total 56320K, used 9265K [0x0000000083200000, 0x0000000086900000, 0x00000000d6600000)
  object space 56320K, 16% used [0x0000000083200000,0x0000000083b0c480,0x0000000086900000)
 Metaspace       used 34639K, capacity 35222K, committed 35456K, reserved 1079296K
  class space    used 4735K, capacity 4926K, committed 4992K, reserved 1048576K
Event: 7.028 GC heap after
Heap after GC invocations=10 (full 2):
 PSYoungGen      total 186368K, used 0K [0x00000000d6600000, 0x00000000e5000000, 0x0000000100000000)
  eden space 174080K, 0% used [0x00000000d6600000,0x00000000d6600000,0x00000000e1000000)
  from space 12288K, 0% used [0x00000000e1d80000,0x00000000e1d80000,0x00000000e2980000)
  to   space 13824K, 0% used [0x00000000e1000000,0x00000000e1000000,0x00000000e1d80000)
 ParOldGen       total 91136K, used 19680K [0x0000000083200000, 0x0000000088b00000, 0x00000000d6600000)
  object space 91136K, 21% used [0x0000000083200000,0x0000000084538238,0x0000000088b00000)
 Metaspace       used 34639K, capacity 35222K, committed 35456K, reserved 1079296K
  class space    used 4735K, capacity 4926K, committed 4992K, reserved 1048576K
}
Event: 9.149 GC heap before
{Heap before GC invocations=11 (full 2):
 PSYoungGen      total 186368K, used 174080K [0x00000000d6600000, 0x00000000e5000000, 0x0000000100000000)
  eden space 174080K, 100% used [0x00000000d6600000,0x00000000e1000000,0x00000000e1000000)
  from space 12288K, 0% used [0x00000000e1d80000,0x00000000e1d80000,0x00000000e2980000)
  to   space 13824K, 0% used [0x00000000e1000000,0x00000000e1000000,0x00000000e1d80000)
 ParOldGen       total 91136K, used 19680K [0x0000000083200000, 0x0000000088b00000, 0x00000000d6600000)
  object space 91136K, 21% used [0x0000000083200000,0x0000000084538238,0x0000000088b00000)
 Metaspace       used 40908K, capacity 41568K, committed 41984K, reserved 1085440K
  class space    used 5539K, capacity 5767K, committed 5888K, reserved 1048576K
Event: 9.169 GC heap after
Heap after GC invocations=11 (full 2):
 PSYoungGen      total 187904K, used 8874K [0x00000000d6600000, 0x00000000e5400000, 0x0000000100000000)
  eden space 174080K, 0% used [0x00000000d6600000,0x00000000d6600000,0x00000000e1000000)
  from space 13824K, 64% used [0x00000000e1000000,0x00000000e18aaaa8,0x00000000e1d80000)
  to   space 13312K, 0% used [0x00000000e4700000,0x00000000e4700000,0x00000000e5400000)
 ParOldGen       total 91136K, used 19752K [0x0000000083200000, 0x0000000088b00000, 0x00000000d6600000)
  object space 91136K, 21% used [0x0000000083200000,0x000000008454a248,0x0000000088b00000)
 Metaspace       used 40908K, capacity 41568K, committed 41984K, reserved 1085440K
  class space    used 5539K, capacity 5767K, committed 5888K, reserved 1048576K
}

