# JRE version: Java(TM) SE Runtime Environment (8.0_102-b14) (build 1.8.0_102-b14)
# Java VM: Java HotSpot(TM) 64-Bit Server VM (25.102-b14 mixed mode windows-amd64 compressed oops)
Heap:
 PSYoungGen      total 253440K, used 111883K [0x00000000d6600000, 0x00000000e7180000, 0x0000000100000000)
  eden space 239104K, 40% used [0x00000000d6600000,0x00000000dc549f00,0x00000000e4f80000)
  from space 14336K, 99% used [0x00000000e6280000,0x00000000e7078e08,0x00000000e7080000)
  to   space 17408K, 0% used [0x00000000e4f80000,0x00000000e4f80000,0x00000000e6080000)
 ParOldGen       total 81408K, used 24156K [0x0000000083200000, 0x0000000088180000, 0x00000000d6600000)
  object space 81408K, 29% used [0x0000000083200000,0x0000000084997010,0x0000000088180000)
 Metaspace       used 50961K, capacity 52424K, committed 52736K, reserved 1095680K
  class space    used 6931K, capacity 7334K, committed 7424K, reserved 1048576K
GC Heap History (10 events):
Event: 17.145 GC heap before
{Heap before GC invocations=8 (full 1):
 PSYoungGen      total 118272K, used 118080K [0x00000000d6600000, 0x00000000df700000, 0x0000000100000000)
  eden space 111616K, 100% used [0x00000000d6600000,0x00000000dd300000,0x00000000dd300000)
  from space 6656K, 97% used [0x00000000df080000,0x00000000df6d03c8,0x00000000df700000)
  to   space 10240K, 0% used [0x00000000de300000,0x00000000de300000,0x00000000ded00000)
 ParOldGen       total 56832K, used 10094K [0x0000000083200000, 0x0000000086980000, 0x00000000d6600000)
  object space 56832K, 17% used [0x0000000083200000,0x0000000083bdb828,0x0000000086980000)
 Metaspace       used 33979K, capacity 34492K, committed 34816K, reserved 1079296K
  class space    used 4628K, capacity 4769K, committed 4864K, reserved 1048576K
Event: 17.164 GC heap after
Heap after GC invocations=8 (full 1):
 PSYoungGen      total 138240K, used 10214K [0x00000000d6600000, 0x00000000e3280000, 0x0000000100000000)
  eden space 128000K, 0% used [0x00000000d6600000,0x00000000d6600000,0x00000000de300000)
  from space 10240K, 99% used [0x00000000de300000,0x00000000decf98e8,0x00000000ded00000)
  to   space 12800K, 0% used [0x00000000e2600000,0x00000000e2600000,0x00000000e3280000)
 ParOldGen       total 56832K, used 12327K [0x0000000083200000, 0x0000000086980000, 0x00000000d6600000)
  object space 56832K, 21% used [0x0000000083200000,0x0000000083e09c60,0x0000000086980000)
 Metaspace       used 33979K, capacity 34492K, committed 34816K, reserved 1079296K
  class space    used 4628K, capacity 4769K, committed 4864K, reserved 1048576K
}
Event: 18.101 GC heap before
{Heap before GC invocations=9 (full 1):
 PSYoungGen      total 138240K, used 48723K [0x00000000d6600000, 0x00000000e3280000, 0x0000000100000000)
  eden space 128000K, 30% used [0x00000000d6600000,0x00000000d8b9b480,0x00000000de300000)
  from space 10240K, 99% used [0x00000000de300000,0x00000000decf98e8,0x00000000ded00000)
  to   space 12800K, 0% used [0x00000000e2600000,0x00000000e2600000,0x00000000e3280000)
 ParOldGen       total 56832K, used 12327K [0x0000000083200000, 0x0000000086980000, 0x00000000d6600000)
  object space 56832K, 21% used [0x0000000083200000,0x0000000083e09c60,0x0000000086980000)
 Metaspace       used 34640K, capacity 35222K, committed 35456K, reserved 1079296K
  class space    used 4730K, capacity 4926K, committed 4992K, reserved 1048576K
Event: 18.126 GC heap after
Heap after GC invocations=9 (full 1):
 PSYoungGen      total 195584K, used 12127K [0x00000000d6600000, 0x00000000e4f00000, 0x0000000100000000)
  eden space 182784K, 0% used [0x00000000d6600000,0x00000000d6600000,0x00000000e1880000)
  from space 12800K, 94% used [0x00000000e2600000,0x00000000e31d7ff0,0x00000000e3280000)
  to   space 13824K, 0% used [0x00000000e1880000,0x00000000e1880000,0x00000000e2600000)
 ParOldGen       total 56832K, used 12399K [0x0000000083200000, 0x0000000086980000, 0x00000000d6600000)
  object space 56832K, 21% used [0x0000000083200000,0x0000000083e1bc70,0x0000000086980000)
 Metaspace       used 34640K, capacity 35222K, committed 35456K, reserved 1079296K
  class space    used 4730K, capacity 4926K, committed 4992K, reserved 1048576K
}
Event: 18.126 GC heap before
{Heap before GC invocations=10 (full 2):
 PSYoungGen      total 195584K, used 12127K [0x00000000d6600000, 0x00000000e4f00000, 0x0000000100000000)
  eden space 182784K, 0% used [0x00000000d6600000,0x00000000d6600000,0x00000000e1880000)
  from space 12800K, 94% used [0x00000000e2600000,0x00000000e31d7ff0,0x00000000e3280000)
  to   space 13824K, 0% used [0x00000000e1880000,0x00000000e1880000,0x00000000e2600000)
 ParOldGen       total 56832K, used 12399K [0x0000000083200000, 0x0000000086980000, 0x00000000d6600000)
  object space 56832K, 21% used [0x0000000083200000,0x0000000083e1bc70,0x0000000086980000)
 Metaspace       used 34640K, capacity 35222K, committed 35456K, reserved 1079296K
  class space    used 4730K, capacity 4926K, committed 4992K, reserved 1048576K
Event: 18.311 GC heap after
Heap after GC invocations=10 (full 2):
 PSYoungGen      total 195584K, used 0K [0x00000000d6600000, 0x00000000e4f00000, 0x0000000100000000)
  eden space 182784K, 0% used [0x00000000d6600000,0x00000000d6600000,0x00000000e1880000)
  from space 12800K, 0% used [0x00000000e2600000,0x00000000e2600000,0x00000000e3280000)
  to   space 13824K, 0% used [0x00000000e1880000,0x00000000e1880000,0x00000000e2600000)
 ParOldGen       total 81408K, used 19411K [0x0000000083200000, 0x0000000088180000, 0x00000000d6600000)
  object space 81408K, 23% used [0x0000000083200000,0x00000000844f4ed0,0x0000000088180000)
 Metaspace       used 34640K, capacity 35222K, committed 35456K, reserved 1079296K
  class space    used 4730K, capacity 4926K, committed 4992K, reserved 1048576K
}
Event: 26.366 GC heap before
{Heap before GC invocations=11 (full 2):
 PSYoungGen      total 195584K, used 182784K [0x00000000d6600000, 0x00000000e4f00000, 0x0000000100000000)
  eden space 182784K, 100% used [0x00000000d6600000,0x00000000e1880000,0x00000000e1880000)
  from space 12800K, 0% used [0x00000000e2600000,0x00000000e2600000,0x00000000e3280000)
  to   space 13824K, 0% used [0x00000000e1880000,0x00000000e1880000,0x00000000e2600000)
 ParOldGen       total 81408K, used 19411K [0x0000000083200000, 0x0000000088180000, 0x00000000d6600000)
  object space 81408K, 23% used [0x0000000083200000,0x00000000844f4ed0,0x0000000088180000)
 Metaspace       used 40974K, capacity 41702K, committed 41984K, reserved 1085440K
  class space    used 5537K, capacity 5768K, committed 5888K, reserved 1048576K
Event: 26.383 GC heap after
Heap after GC invocations=11 (full 2):
 PSYoungGen      total 196608K, used 9999K [0x00000000d6600000, 0x00000000e7080000, 0x0000000100000000)
  eden space 182784K, 0% used [0x00000000d6600000,0x00000000d6600000,0x00000000e1880000)
  from space 13824K, 72% used [0x00000000e1880000,0x00000000e2243f58,0x00000000e2600000)
  to   space 14336K, 0% used [0x00000000e6280000,0x00000000e6280000,0x00000000e7080000)
 ParOldGen       total 81408K, used 19419K [0x0000000083200000, 0x0000000088180000, 0x00000000d6600000)
  object space 81408K, 23% used [0x0000000083200000,0x00000000844f6ed0,0x0000000088180000)
 Metaspace       used 40974K, capacity 41702K, committed 41984K, reserved 1085440K
  class space    used 5537K, capacity 5768K, committed 5888K, reserved 1048576K
}
Event: 33.186 GC heap before
{Heap before GC invocations=12 (full 2):
 PSYoungGen      total 196608K, used 192783K [0x00000000d6600000, 0x00000000e7080000, 0x0000000100000000)
  eden space 182784K, 100% used [0x00000000d6600000,0x00000000e1880000,0x00000000e1880000)
  from space 13824K, 72% used [0x00000000e1880000,0x00000000e2243f58,0x00000000e2600000)
  to   space 14336K, 0% used [0x00000000e6280000,0x00000000e6280000,0x00000000e7080000)
 ParOldGen       total 81408K, used 19419K [0x0000000083200000, 0x0000000088180000, 0x00000000d6600000)
  object space 81408K, 23% used [0x0000000083200000,0x00000000844f6ed0,0x0000000088180000)
 Metaspace       used 48912K, capacity 50256K, committed 50304K, reserved 1093632K
  class space    used 6694K, capacity 7019K, committed 7040K, reserved 1048576K
Event: 33.232 GC heap after
Heap after GC invocations=12 (full 2):
 PSYoungGen      total 253440K, used 14307K [0x00000000d6600000, 0x00000000e7180000, 0x0000000100000000)
  eden space 239104K, 0% used [0x00000000d6600000,0x00000000d6600000,0x00000000e4f80000)
  from space 14336K, 99% used [0x00000000e6280000,0x00000000e7078e08,0x00000000e7080000)
  to   space 17408K, 0% used [0x00000000e4f80000,0x00000000e4f80000,0x00000000e6080000)
 ParOldGen       total 81408K, used 24156K [0x0000000083200000, 0x0000000088180000, 0x00000000d6600000)
  object space 81408K, 29% used [0x0000000083200000,0x0000000084997010,0x0000000088180000)
 Metaspace       used 48912K, capacity 50256K, committed 50304K, reserved 1093632K
  class space    used 6694K, capacity 7019K, committed 7040K, reserved 1048576K
}

